<?xml version="1.0" encoding="UTF-8"?>
<!-- Generated by org.testng.reporters.JUnitReportReporter -->
<testsuite hostname="LAPTOP-IH22489I" failures="0" tests="1" name="swissraj1.ScheduleAppointmentPage" time="38.552" errors="0" timestamp="2020-10-13T15:44:22 PDT" skipped="0">
  <testcase classname="swissraj1.ScheduleAppointmentPage" name="basePageNavigation" time="38.552"/>
  <system-out/>
</testsuite> <!-- swissraj1.ScheduleAppointmentPage -->
